-------------------------------------------------------------------------------
Test set: com.qk.commonservice.CommonServiceApplicationTests
-------------------------------------------------------------------------------
Tests run: 1, Failures: 0, Errors: 1, Skipped: 0, Time elapsed: 0.548 s <<< FAILURE! - in com.qk.commonservice.CommonServiceApplicationTests
initializationError(com.qk.commonservice.CommonServiceApplicationTests)  Time elapsed: 0.018 s  <<< ERROR!
java.lang.IllegalStateException: Unable to find a @SpringBootConfiguration, you need to use @ContextConfiguration or @SpringBootTest(classes=...) with your test

