<?xml version="1.0" encoding="UTF-8"?>
<testsuite xmlns:xsi="http://www.w3.org/2001/XMLSchema-instance" xsi:noNamespaceSchemaLocation="https://maven.apache.org/surefire/maven-surefire-plugin/xsd/surefire-test-report.xsd" name="com.qk.commonservice.CommonServiceApplicationTests" time="0.548" tests="1" errors="1" skipped="0" failures="0">
  <properties>
[...]
</properties>
  <testcase name="initializationError" classname="com.qk.commonservice.CommonServiceApplicationTests" time="0.018">
    <error message="Unable to find a @SpringBootConfiguration, you need to use @ContextConfiguration or @SpringBootTest(classes=...) with your test" type="java.lang.IllegalStateException">java.lang.IllegalStateException: Unable to find a @SpringBootConfiguration, you need to use @ContextConfiguration or @SpringBootTest(classes=...) with your test
</error>
    <system-out><![CDATA[10:14:09.950 [main] DEBUG org.springframework.test.context.junit4.SpringJUnit4ClassRunner - SpringJUnit4ClassRunner constructor called with [class com.qk.commonservice.CommonServiceApplicationTests]
10:14:09.958 [main] DEBUG org.springframework.test.context.BootstrapUtils - Instantiating CacheAwareContextLoaderDelegate from class [org.springframework.test.context.cache.DefaultCacheAwareContextLoaderDelegate]
10:14:09.967 [main] DEBUG org.springframework.test.context.BootstrapUtils - Instantiating BootstrapContext using constructor [public org.springframework.test.context.support.DefaultBootstrapContext(java.lang.Class,org.springframework.test.context.CacheAwareContextLoaderDelegate)]
10:14:09.987 [main] DEBUG org.springframework.test.context.BootstrapUtils - Instantiating TestContextBootstrapper for test class [com.qk.commonservice.CommonServiceApplicationTests] from class [org.springframework.boot.test.context.SpringBootTestContextBootstrapper]
10:14:10.007 [main] INFO org.springframework.boot.test.context.SpringBootTestContextBootstrapper - Neither @ContextConfiguration nor @ContextHierarchy found for test class [com.qk.commonservice.CommonServiceApplicationTests], using SpringBootContextLoader
10:14:10.011 [main] DEBUG org.springframework.test.context.support.AbstractContextLoader - Did not detect default resource location for test class [com.qk.commonservice.CommonServiceApplicationTests]: class path resource [com/qk/commonservice/CommonServiceApplicationTests-context.xml] does not exist
10:14:10.011 [main] DEBUG org.springframework.test.context.support.AbstractContextLoader - Did not detect default resource location for test class [com.qk.commonservice.CommonServiceApplicationTests]: class path resource [com/qk/commonservice/CommonServiceApplicationTestsContext.groovy] does not exist
10:14:10.011 [main] INFO org.springframework.test.context.support.AbstractContextLoader - Could not detect default resource locations for test class [com.qk.commonservice.CommonServiceApplicationTests]: no resource found for suffixes {-context.xml, Context.groovy}.
10:14:10.012 [main] INFO org.springframework.test.context.support.AnnotationConfigContextLoaderUtils - Could not detect default configuration classes for test class [com.qk.commonservice.CommonServiceApplicationTests]: CommonServiceApplicationTests does not declare any static, non-private, non-final, nested classes annotated with @Configuration.
10:14:10.067 [main] DEBUG org.springframework.test.context.support.ActiveProfilesUtils - Could not find an 'annotation declaring class' for annotation type [org.springframework.test.context.ActiveProfiles] and class [com.qk.commonservice.CommonServiceApplicationTests]
10:14:10.082 [main] DEBUG org.springframework.core.env.StandardEnvironment - Adding PropertySource 'systemProperties' with lowest search precedence
10:14:10.082 [main] DEBUG org.springframework.core.env.StandardEnvironment - Adding PropertySource 'systemEnvironment' with lowest search precedence
10:14:10.082 [main] DEBUG org.springframework.core.env.StandardEnvironment - Initialized StandardEnvironment with PropertySources [MapPropertySource@2032188048 {name='systemProperties', properties={idea.version=2018.1.5, java.runtime.name=Java(TM) SE Runtime Environment, sun.boot.library.path=/Library/Java/JavaVirtualMachines/jdk1.8.0_171.jdk/Contents/Home/jre/lib, java.vm.version=25.171-b11, gopherProxySet=false, java.vm.vendor=Oracle Corporation, java.vendor.url=http://java.oracle.com/, path.separator=:, java.vm.name=Java HotSpot(TM) 64-Bit Server VM, file.encoding.pkg=sun.io, user.country=CN, sun.java.launcher=SUN_STANDARD, sun.os.patch.level=unknown, java.vm.specification.name=Java Virtual Machine Specification, user.dir=/Users/fuxuelong/IdeaProjects/camellia3/common-service, java.runtime.version=1.8.0_171-b11, basedir=/Users/fuxuelong/IdeaProjects/camellia3/common-service, java.awt.graphicsenv=sun.awt.CGraphicsEnvironment, java.endorsed.dirs=/Library/Java/JavaVirtualMachines/jdk1.8.0_171.jdk/Contents/Home/jre/lib/endorsed, os.arch=x86_64, surefire.real.class.path=/Users/fuxuelong/IdeaProjects/camellia3/common-service/target/surefire/surefirebooter5849021121162590084.jar, java.io.tmpdir=/var/folders/9y/fh_29pls28l425wn833py78w0000gn/T/, line.separator=
, java.vm.specification.vendor=Oracle Corporation, os.name=Mac OS X, sun.jnu.encoding=UTF-8, java.library.path=/Users/fuxuelong/Library/Java/Extensions:/Library/Java/Extensions:/Network/Library/Java/Extensions:/System/Library/Java/Extensions:/usr/lib/java:., surefire.test.class.path=/Users/fuxuelong/IdeaProjects/camellia3/common-service/target/test-classes:/Users/fuxuelong/IdeaProjects/camellia3/common-service/target/classes:/Users/fuxuelong/.m2/repository/io/springfox/springfox-swagger2/2.7.0/springfox-swagger2-2.7.0.jar:/Users/fuxuelong/.m2/repository/io/swagger/swagger-annotations/1.5.13/swagger-annotations-1.5.13.jar:/Users/fuxuelong/.m2/repository/io/swagger/swagger-models/1.5.13/swagger-models-1.5.13.jar:/Users/fuxuelong/.m2/repository/com/fasterxml/jackson/core/jackson-annotations/2.9.0/jackson-annotations-2.9.0.jar:/Users/fuxuelong/.m2/repository/io/springfox/springfox-spi/2.7.0/springfox-spi-2.7.0.jar:/Users/fuxuelong/.m2/repository/io/springfox/springfox-core/2.7.0/springfox-core-2.7.0.jar:/Users/fuxuelong/.m2/repository/io/springfox/springfox-schema/2.7.0/springfox-schema-2.7.0.jar:/Users/fuxuelong/.m2/repository/io/springfox/springfox-swagger-common/2.7.0/springfox-swagger-common-2.7.0.jar:/Users/fuxuelong/.m2/repository/io/springfox/springfox-spring-web/2.7.0/springfox-spring-web-2.7.0.jar:/Users/fuxuelong/.m2/repository/org/reflections/reflections/0.9.11/reflections-0.9.11.jar:/Users/fuxuelong/.m2/repository/org/javassist/javassist/3.21.0-GA/javassist-3.21.0-GA.jar:/Users/fuxuelong/.m2/repository/com/google/guava/guava/18.0/guava-18.0.jar:/Users/fuxuelong/.m2/repository/com/fasterxml/classmate/1.3.4/classmate-1.3.4.jar:/Users/fuxuelong/.m2/repository/org/slf4j/slf4j-api/1.7.25/slf4j-api-1.7.25.jar:/Users/fuxuelong/.m2/repository/org/springframework/plugin/spring-plugin-core/1.2.0.RELEASE/spring-plugin-core-1.2.0.RELEASE.jar:/Users/fuxuelong/.m2/repository/org/springframework/spring-beans/5.0.7.RELEASE/spring-beans-5.0.7.RELEASE.jar:/Users/fuxuelong/.m2/repository/org/springframework/spring-context/5.0.7.RELEASE/spring-context-5.0.7.RELEASE.jar:/Users/fuxuelong/.m2/repository/org/springframework/spring-aop/5.0.7.RELEASE/spring-aop-5.0.7.RELEASE.jar:/Users/fuxuelong/.m2/repository/org/springframework/plugin/spring-plugin-metadata/1.2.0.RELEASE/spring-plugin-metadata-1.2.0.RELEASE.jar:/Users/fuxuelong/.m2/repository/org/mapstruct/mapstruct/1.1.0.Final/mapstruct-1.1.0.Final.jar:/Users/fuxuelong/.m2/repository/io/springfox/springfox-swagger-ui/2.7.0/springfox-swagger-ui-2.7.0.jar:/Users/fuxuelong/.m2/repository/com/alibaba/fastjson/1.2.31/fastjson-1.2.31.jar:/Users/fuxuelong/.m2/repository/org/springframework/boot/spring-boot-starter-web/2.0.3.RELEASE/spring-boot-starter-web-2.0.3.RELEASE.jar:/Users/fuxuelong/.m2/repository/org/springframework/boot/spring-boot-starter/2.0.3.RELEASE/spring-boot-starter-2.0.3.RELEASE.jar:/Users/fuxuelong/.m2/repository/org/springframework/boot/spring-boot/2.0.3.RELEASE/spring-boot-2.0.3.RELEASE.jar:/Users/fuxuelong/.m2/repository/org/springframework/boot/spring-boot-autoconfigure/2.0.3.RELEASE/spring-boot-autoconfigure-2.0.3.RELEASE.jar:/Users/fuxuelong/.m2/repository/org/springframework/boot/spring-boot-starter-logging/2.0.3.RELEASE/spring-boot-starter-logging-2.0.3.RELEASE.jar:/Users/fuxuelong/.m2/repository/ch/qos/logback/logback-classic/1.2.3/logback-classic-1.2.3.jar:/Users/fuxuelong/.m2/repository/ch/qos/logback/logback-core/1.2.3/logback-core-1.2.3.jar:/Users/fuxuelong/.m2/repository/org/apache/logging/log4j/log4j-to-slf4j/2.10.0/log4j-to-slf4j-2.10.0.jar:/Users/fuxuelong/.m2/repository/org/apache/logging/log4j/log4j-api/2.10.0/log4j-api-2.10.0.jar:/Users/fuxuelong/.m2/repository/org/slf4j/jul-to-slf4j/1.7.25/jul-to-slf4j-1.7.25.jar:/Users/fuxuelong/.m2/repository/javax/annotation/javax.annotation-api/1.3.2/javax.annotation-api-1.3.2.jar:/Users/fuxuelong/.m2/repository/org/yaml/snakeyaml/1.19/snakeyaml-1.19.jar:/Users/fuxuelong/.m2/repository/org/springframework/boot/spring-boot-starter-json/2.0.3.RELEASE/spring-boot-starter-json-2.0.3.RELEASE.jar:/Users/fuxuelong/.m2/repository/com/fasterxml/jackson/datatype/jackson-datatype-jdk8/2.9.6/jackson-datatype-jdk8-2.9.6.jar:/Users/fuxuelong/.m2/repository/com/fasterxml/jackson/datatype/jackson-datatype-jsr310/2.9.6/jackson-datatype-jsr310-2.9.6.jar:/Users/fuxuelong/.m2/repository/com/fasterxml/jackson/module/jackson-module-parameter-names/2.9.6/jackson-module-parameter-names-2.9.6.jar:/Users/fuxuelong/.m2/repository/org/springframework/boot/spring-boot-starter-tomcat/2.0.3.RELEASE/spring-boot-starter-tomcat-2.0.3.RELEASE.jar:/Users/fuxuelong/.m2/repository/org/apache/tomcat/embed/tomcat-embed-core/8.5.31/tomcat-embed-core-8.5.31.jar:/Users/fuxuelong/.m2/repository/org/apache/tomcat/embed/tomcat-embed-el/8.5.31/tomcat-embed-el-8.5.31.jar:/Users/fuxuelong/.m2/repository/org/apache/tomcat/embed/tomcat-embed-websocket/8.5.31/tomcat-embed-websocket-8.5.31.jar:/Users/fuxuelong/.m2/repository/org/hibernate/validator/hibernate-validator/6.0.10.Final/hibernate-validator-6.0.10.Final.jar:/Users/fuxuelong/.m2/repository/javax/validation/validation-api/2.0.1.Final/validation-api-2.0.1.Final.jar:/Users/fuxuelong/.m2/repository/org/jboss/logging/jboss-logging/3.3.2.Final/jboss-logging-3.3.2.Final.jar:/Users/fuxuelong/.m2/repository/org/springframework/spring-web/5.0.7.RELEASE/spring-web-5.0.7.RELEASE.jar:/Users/fuxuelong/.m2/repository/org/springframework/spring-webmvc/5.0.7.RELEASE/spring-webmvc-5.0.7.RELEASE.jar:/Users/fuxuelong/.m2/repository/org/springframework/spring-expression/5.0.7.RELEASE/spring-expression-5.0.7.RELEASE.jar:/Users/fuxuelong/.m2/repository/org/springframework/boot/spring-boot-starter-amqp/2.0.3.RELEASE/spring-boot-starter-amqp-2.0.3.RELEASE.jar:/Users/fuxuelong/.m2/repository/org/springframework/spring-messaging/5.0.7.RELEASE/spring-messaging-5.0.7.RELEASE.jar:/Users/fuxuelong/.m2/repository/org/springframework/amqp/spring-rabbit/2.0.4.RELEASE/spring-rabbit-2.0.4.RELEASE.jar:/Users/fuxuelong/.m2/repository/org/springframework/amqp/spring-amqp/2.0.4.RELEASE/spring-amqp-2.0.4.RELEASE.jar:/Users/fuxuelong/.m2/repository/com/rabbitmq/amqp-client/5.1.2/amqp-client-5.1.2.jar:/Users/fuxuelong/.m2/repository/org/springframework/spring-tx/5.0.7.RELEASE/spring-tx-5.0.7.RELEASE.jar:/Users/fuxuelong/.m2/repository/org/springframework/retry/spring-retry/1.2.2.RELEASE/spring-retry-1.2.2.RELEASE.jar:/Users/fuxuelong/.m2/repository/org/springframework/cloud/spring-cloud-stream-binder-rabbit/2.0.0.RELEASE/spring-cloud-stream-binder-rabbit-2.0.0.RELEASE.jar:/Users/fuxuelong/.m2/repository/org/springframework/cloud/spring-cloud-stream-binder-rabbit-core/2.0.0.RELEASE/spring-cloud-stream-binder-rabbit-core-2.0.0.RELEASE.jar:/Users/fuxuelong/.m2/repository/org/springframework/cloud/spring-cloud-stream/2.0.0.RELEASE/spring-cloud-stream-2.0.0.RELEASE.jar:/Users/fuxuelong/.m2/repository/org/springframework/boot/spring-boot-starter-validation/2.0.3.RELEASE/spring-boot-starter-validation-2.0.3.RELEASE.jar:/Users/fuxuelong/.m2/repository/org/springframework/spring-tuple/1.0.0.RELEASE/spring-tuple-1.0.0.RELEASE.jar:/Users/fuxuelong/.m2/repository/com/esotericsoftware/kryo-shaded/3.0.3/kryo-shaded-3.0.3.jar:/Users/fuxuelong/.m2/repository/com/esotericsoftware/minlog/1.3.0/minlog-1.3.0.jar:/Users/fuxuelong/.m2/repository/org/springframework/integration/spring-integration-tuple/1.0.0.RELEASE/spring-integration-tuple-1.0.0.RELEASE.jar:/Users/fuxuelong/.m2/repository/org/springframework/integration/spring-integration-amqp/5.0.6.RELEASE/spring-integration-amqp-5.0.6.RELEASE.jar:/Users/fuxuelong/.m2/repository/org/springframework/integration/spring-integration-core/5.0.6.RELEASE/spring-integration-core-5.0.6.RELEASE.jar:/Users/fuxuelong/.m2/repository/io/projectreactor/reactor-core/3.1.8.RELEASE/reactor-core-3.1.8.RELEASE.jar:/Users/fuxuelong/.m2/repository/org/reactivestreams/reactive-streams/1.0.2/reactive-streams-1.0.2.jar:/Users/fuxuelong/.m2/repository/org/springframework/integration/spring-integration-jmx/5.0.6.RELEASE/spring-integration-jmx-5.0.6.RELEASE.jar:/Users/fuxuelong/.m2/repository/org/springframework/cloud/spring-cloud-bus/2.0.0.RELEASE/spring-cloud-bus-2.0.0.RELEASE.jar:/Users/fuxuelong/.m2/repository/org/springframework/cloud/spring-cloud-starter-netflix-eureka-client/2.0.0.RELEASE/spring-cloud-starter-netflix-eureka-client-2.0.0.RELEASE.jar:/Users/fuxuelong/.m2/repository/org/springframework/cloud/spring-cloud-netflix-core/2.0.0.RELEASE/spring-cloud-netflix-core-2.0.0.RELEASE.jar:/Users/fuxuelong/.m2/repository/org/springframework/boot/spring-boot-starter-aop/2.0.3.RELEASE/spring-boot-starter-aop-2.0.3.RELEASE.jar:/Users/fuxuelong/.m2/repository/org/aspectj/aspectjweaver/1.8.13/aspectjweaver-1.8.13.jar:/Users/fuxuelong/.m2/repository/org/springframework/cloud/spring-cloud-netflix-eureka-client/2.0.0.RELEASE/spring-cloud-netflix-eureka-client-2.0.0.RELEASE.jar:/Users/fuxuelong/.m2/repository/com/netflix/eureka/eureka-client/1.9.2/eureka-client-1.9.2.jar:/Users/fuxuelong/.m2/repository/org/codehaus/jettison/jettison/1.3.7/jettison-1.3.7.jar:/Users/fuxuelong/.m2/repository/stax/stax-api/1.0.1/stax-api-1.0.1.jar:/Users/fuxuelong/.m2/repository/com/netflix/netflix-commons/netflix-eventbus/0.3.0/netflix-eventbus-0.3.0.jar:/Users/fuxuelong/.m2/repository/com/netflix/netflix-commons/netflix-infix/0.3.0/netflix-infix-0.3.0.jar:/Users/fuxuelong/.m2/repository/commons-jxpath/commons-jxpath/1.3/commons-jxpath-1.3.jar:/Users/fuxuelong/.m2/repository/joda-time/joda-time/2.9.9/joda-time-2.9.9.jar:/Users/fuxuelong/.m2/repository/org/antlr/antlr-runtime/3.4/antlr-runtime-3.4.jar:/Users/fuxuelong/.m2/repository/org/antlr/stringtemplate/3.2.1/stringtemplate-3.2.1.jar:/Users/fuxuelong/.m2/repository/antlr/antlr/2.7.7/antlr-2.7.7.jar:/Users/fuxuelong/.m2/repository/com/google/code/gson/gson/2.8.5/gson-2.8.5.jar:/Users/fuxuelong/.m2/repository/org/apache/commons/commons-math/2.2/commons-math-2.2.jar:/Users/fuxuelong/.m2/repository/com/netflix/archaius/archaius-core/0.7.6/archaius-core-0.7.6.jar:/Users/fuxuelong/.m2/repository/javax/ws/rs/jsr311-api/1.1.1/jsr311-api-1.1.1.jar:/Users/fuxuelong/.m2/repository/com/netflix/servo/servo-core/0.12.21/servo-core-0.12.21.jar:/Users/fuxuelong/.m2/repository/com/sun/jersey/jersey-core/1.19.1/jersey-core-1.19.1.jar:/Users/fuxuelong/.m2/repository/com/sun/jersey/jersey-client/1.19.1/jersey-client-1.19.1.jar:/Users/fuxuelong/.m2/repository/com/sun/jersey/contribs/jersey-apache-client4/1.19.1/jersey-apache-client4-1.19.1.jar:/Users/fuxuelong/.m2/repository/org/apache/httpcomponents/httpclient/4.5.5/httpclient-4.5.5.jar:/Users/fuxuelong/.m2/repository/org/apache/httpcomponents/httpcore/4.4.9/httpcore-4.4.9.jar:/Users/fuxuelong/.m2/repository/commons-codec/commons-codec/1.11/commons-codec-1.11.jar:/Users/fuxuelong/.m2/repository/com/google/inject/guice/4.1.0/guice-4.1.0.jar:/Users/fuxuelong/.m2/repository/javax/inject/javax.inject/1/javax.inject-1.jar:/Users/fuxuelong/.m2/repository/aopalliance/aopalliance/1.0/aopalliance-1.0.jar:/Users/fuxuelong/.m2/repository/com/github/vlsi/compactmap/compactmap/1.2.1/compactmap-1.2.1.jar:/Users/fuxuelong/.m2/repository/com/github/andrewoma/dexx/dexx-collections/0.2/dexx-collections-0.2.jar:/Users/fuxuelong/.m2/repository/com/fasterxml/jackson/core/jackson-core/2.9.6/jackson-core-2.9.6.jar:/Users/fuxuelong/.m2/repository/com/netflix/eureka/eureka-core/1.9.2/eureka-core-1.9.2.jar:/Users/fuxuelong/.m2/repository/org/codehaus/woodstox/woodstox-core-asl/4.4.1/woodstox-core-asl-4.4.1.jar:/Users/fuxuelong/.m2/repository/javax/xml/stream/stax-api/1.0-2/stax-api-1.0-2.jar:/Users/fuxuelong/.m2/repository/org/codehaus/woodstox/stax2-api/3.1.4/stax2-api-3.1.4.jar:/Users/fuxuelong/.m2/repository/org/springframework/cloud/spring-cloud-starter-netflix-archaius/2.0.0.RELEASE/spring-cloud-starter-netflix-archaius-2.0.0.RELEASE.jar:/Users/fuxuelong/.m2/repository/org/springframework/cloud/spring-cloud-netflix-ribbon/2.0.0.RELEASE/spring-cloud-netflix-ribbon-2.0.0.RELEASE.jar:/Users/fuxuelong/.m2/repository/org/springframework/cloud/spring-cloud-netflix-archaius/2.0.0.RELEASE/spring-cloud-netflix-archaius-2.0.0.RELEASE.jar:/Users/fuxuelong/.m2/repository/commons-configuration/commons-configuration/1.8/commons-configuration-1.8.jar:/Users/fuxuelong/.m2/repository/commons-lang/commons-lang/2.6/commons-lang-2.6.jar:/Users/fuxuelong/.m2/repository/org/springframework/cloud/spring-cloud-starter-netflix-ribbon/2.0.0.RELEASE/spring-cloud-starter-netflix-ribbon-2.0.0.RELEASE.jar:/Users/fuxuelong/.m2/repository/com/netflix/ribbon/ribbon/2.2.5/ribbon-2.2.5.jar:/Users/fuxuelong/.m2/repository/com/netflix/ribbon/ribbon-transport/2.2.5/ribbon-transport-2.2.5.jar:/Users/fuxuelong/.m2/repository/io/reactivex/rxnetty-contexts/0.4.9/rxnetty-contexts-0.4.9.jar:/Users/fuxuelong/.m2/repository/io/reactivex/rxnetty-servo/0.4.9/rxnetty-servo-0.4.9.jar:/Users/fuxuelong/.m2/repository/com/netflix/hystrix/hystrix-core/1.5.12/hystrix-core-1.5.12.jar:/Users/fuxuelong/.m2/repository/io/reactivex/rxnetty/0.4.9/rxnetty-0.4.9.jar:/Users/fuxuelong/.m2/repository/io/netty/netty-codec-http/4.1.25.Final/netty-codec-http-4.1.25.Final.jar:/Users/fuxuelong/.m2/repository/io/netty/netty-codec/4.1.25.Final/netty-codec-4.1.25.Final.jar:/Users/fuxuelong/.m2/repository/io/netty/netty-transport-native-epoll/4.1.25.Final/netty-transport-native-epoll-4.1.25.Final.jar:/Users/fuxuelong/.m2/repository/io/netty/netty-common/4.1.25.Final/netty-common-4.1.25.Final.jar:/Users/fuxuelong/.m2/repository/io/netty/netty-buffer/4.1.25.Final/netty-buffer-4.1.25.Final.jar:/Users/fuxuelong/.m2/repository/io/netty/netty-transport-native-unix-common/4.1.25.Final/netty-transport-native-unix-common-4.1.25.Final.jar:/Users/fuxuelong/.m2/repository/io/netty/netty-transport/4.1.25.Final/netty-transport-4.1.25.Final.jar:/Users/fuxuelong/.m2/repository/io/netty/netty-resolver/4.1.25.Final/netty-resolver-4.1.25.Final.jar:/Users/fuxuelong/.m2/repository/com/netflix/ribbon/ribbon-core/2.2.5/ribbon-core-2.2.5.jar:/Users/fuxuelong/.m2/repository/com/netflix/ribbon/ribbon-httpclient/2.2.5/ribbon-httpclient-2.2.5.jar:/Users/fuxuelong/.m2/repository/commons-collections/commons-collections/3.2.2/commons-collections-3.2.2.jar:/Users/fuxuelong/.m2/repository/com/netflix/netflix-commons/netflix-commons-util/0.3.0/netflix-commons-util-0.3.0.jar:/Users/fuxuelong/.m2/repository/com/netflix/ribbon/ribbon-loadbalancer/2.2.5/ribbon-loadbalancer-2.2.5.jar:/Users/fuxuelong/.m2/repository/com/netflix/netflix-commons/netflix-statistics/0.1.1/netflix-statistics-0.1.1.jar:/Users/fuxuelong/.m2/repository/io/reactivex/rxjava/1.3.8/rxjava-1.3.8.jar:/Users/fuxuelong/.m2/repository/com/netflix/ribbon/ribbon-eureka/2.2.5/ribbon-eureka-2.2.5.jar:/Users/fuxuelong/.m2/repository/com/thoughtworks/xstream/xstream/1.4.10/xstream-1.4.10.jar:/Users/fuxuelong/.m2/repository/xmlpull/xmlpull/1.1.3.1/xmlpull-1.1.3.1.jar:/Users/fuxuelong/.m2/repository/xpp3/xpp3_min/1.1.4c/xpp3_min-1.1.4c.jar:/Users/fuxuelong/.m2/repository/mysql/mysql-connector-java/5.1.46/mysql-connector-java-5.1.46.jar:/Users/fuxuelong/.m2/repository/org/springframework/cloud/spring-cloud-starter-oauth2/2.0.0.RELEASE/spring-cloud-starter-oauth2-2.0.0.RELEASE.jar:/Users/fuxuelong/.m2/repository/org/springframework/cloud/spring-cloud-starter-security/2.0.0.RELEASE/spring-cloud-starter-security-2.0.0.RELEASE.jar:/Users/fuxuelong/.m2/repository/org/springframework/cloud/spring-cloud-security/2.0.0.RELEASE/spring-cloud-security-2.0.0.RELEASE.jar:/Users/fuxuelong/.m2/repository/org/springframework/boot/spring-boot-starter-security/2.0.3.RELEASE/spring-boot-starter-security-2.0.3.RELEASE.jar:/Users/fuxuelong/.m2/repository/org/springframework/security/oauth/boot/spring-security-oauth2-autoconfigure/2.0.0.RELEASE/spring-security-oauth2-autoconfigure-2.0.0.RELEASE.jar:/Users/fuxuelong/.m2/repository/org/springframework/security/oauth/spring-security-oauth2/2.2.1.RELEASE/spring-security-oauth2-2.2.1.RELEASE.jar:/Users/fuxuelong/.m2/repository/org/springframework/security/spring-security-core/5.0.6.RELEASE/spring-security-core-5.0.6.RELEASE.jar:/Users/fuxuelong/.m2/repository/org/springframework/security/spring-security-config/5.0.6.RELEASE/spring-security-config-5.0.6.RELEASE.jar:/Users/fuxuelong/.m2/repository/org/springframework/security/spring-security-web/5.0.6.RELEASE/spring-security-web-5.0.6.RELEASE.jar:/Users/fuxuelong/.m2/repository/org/codehaus/jackson/jackson-mapper-asl/1.9.13/jackson-mapper-asl-1.9.13.jar:/Users/fuxuelong/.m2/repository/org/codehaus/jackson/jackson-core-asl/1.9.13/jackson-core-asl-1.9.13.jar:/Users/fuxuelong/.m2/repository/org/springframework/security/spring-security-jwt/1.0.9.RELEASE/spring-security-jwt-1.0.9.RELEASE.jar:/Users/fuxuelong/.m2/repository/org/mybatis/spring/boot/mybatis-spring-boot-starter/1.2.0/mybatis-spring-boot-starter-1.2.0.jar:/Users/fuxuelong/.m2/repository/org/springframework/boot/spring-boot-starter-jdbc/2.0.3.RELEASE/spring-boot-starter-jdbc-2.0.3.RELEASE.jar:/Users/fuxuelong/.m2/repository/com/zaxxer/HikariCP/2.7.9/HikariCP-2.7.9.jar:/Users/fuxuelong/.m2/repository/org/springframework/spring-jdbc/5.0.7.RELEASE/spring-jdbc-5.0.7.RELEASE.jar:/Users/fuxuelong/.m2/repository/org/mybatis/spring/boot/mybatis-spring-boot-autoconfigure/1.2.0/mybatis-spring-boot-autoconfigure-1.2.0.jar:/Users/fuxuelong/.m2/repository/org/mybatis/mybatis/3.4.2/mybatis-3.4.2.jar:/Users/fuxuelong/.m2/repository/org/mybatis/mybatis-spring/1.3.1/mybatis-spring-1.3.1.jar:/Users/fuxuelong/.m2/repository/org/aspectj/aspectjrt/1.8.13/aspectjrt-1.8.13.jar:/Users/fuxuelong/.m2/repository/org/springframework/cloud/spring-cloud-starter-zipkin/2.0.0.RELEASE/spring-cloud-starter-zipkin-2.0.0.RELEASE.jar:/Users/fuxuelong/.m2/repository/org/springframework/cloud/spring-cloud-starter-sleuth/2.0.0.RELEASE/spring-cloud-starter-sleuth-2.0.0.RELEASE.jar:/Users/fuxuelong/.m2/repository/org/springframework/cloud/spring-cloud-sleuth-core/2.0.0.RELEASE/spring-cloud-sleuth-core-2.0.0.RELEASE.jar:/Users/fuxuelong/.m2/repository/io/zipkin/brave/brave/5.1.0/brave-5.1.0.jar:/Users/fuxuelong/.m2/repository/io/zipkin/brave/brave-context-log4j2/5.1.0/brave-context-log4j2-5.1.0.jar:/Users/fuxuelong/.m2/repository/io/zipkin/brave/brave-instrumentation-spring-web/5.1.0/brave-instrumentation-spring-web-5.1.0.jar:/Users/fuxuelong/.m2/repository/io/zipkin/brave/brave-instrumentation-http/5.1.0/brave-instrumentation-http-5.1.0.jar:/Users/fuxuelong/.m2/repository/io/zipkin/brave/brave-instrumentation-spring-rabbit/5.1.0/brave-instrumentation-spring-rabbit-5.1.0.jar:/Users/fuxuelong/.m2/repository/io/zipkin/brave/brave-instrumentation-kafka-clients/5.1.0/brave-instrumentation-kafka-clients-5.1.0.jar:/Users/fuxuelong/.m2/repository/io/zipkin/brave/brave-instrumentation-httpclient/5.1.0/brave-instrumentation-httpclient-5.1.0.jar:/Users/fuxuelong/.m2/repository/io/zipkin/brave/brave-instrumentation-httpasyncclient/5.1.0/brave-instrumentation-httpasyncclient-5.1.0.jar:/Users/fuxuelong/.m2/repository/io/zipkin/brave/brave-instrumentation-spring-webmvc/5.1.0/brave-instrumentation-spring-webmvc-5.1.0.jar:/Users/fuxuelong/.m2/repository/io/zipkin/brave/brave-instrumentation-servlet/5.1.0/brave-instrumentation-servlet-5.1.0.jar:/Users/fuxuelong/.m2/repository/org/springframework/cloud/spring-cloud-sleuth-zipkin/2.0.0.RELEASE/spring-cloud-sleuth-zipkin-2.0.0.RELEASE.jar:/Users/fuxuelong/.m2/repository/io/zipkin/zipkin2/zipkin/2.9.3/zipkin-2.9.3.jar:/Users/fuxuelong/.m2/repository/io/zipkin/reporter2/zipkin-reporter/2.7.3/zipkin-reporter-2.7.3.jar:/Users/fuxuelong/.m2/repository/io/zipkin/reporter2/zipkin-sender-kafka11/2.7.3/zipkin-sender-kafka11-2.7.3.jar:/Users/fuxuelong/.m2/repository/io/zipkin/reporter2/zipkin-sender-amqp-client/2.7.3/zipkin-sender-amqp-client-2.7.3.jar:/Users/fuxuelong/.m2/repository/org/springframework/cloud/spring-cloud-starter-config/2.0.0.RELEASE/spring-cloud-starter-config-2.0.0.RELEASE.jar:/Users/fuxuelong/.m2/repository/org/springframework/cloud/spring-cloud-config-client/2.0.0.RELEASE/spring-cloud-config-client-2.0.0.RELEASE.jar:/Users/fuxuelong/.m2/repository/com/fasterxml/jackson/core/jackson-databind/2.9.6/jackson-databind-2.9.6.jar:/Users/fuxuelong/.m2/repository/org/springframework/cloud/spring-cloud-starter/2.0.0.RELEASE/spring-cloud-starter-2.0.0.RELEASE.jar:/Users/fuxuelong/.m2/repository/org/springframework/cloud/spring-cloud-context/2.0.0.RELEASE/spring-cloud-context-2.0.0.RELEASE.jar:/Users/fuxuelong/.m2/repository/org/springframework/security/spring-security-crypto/5.0.6.RELEASE/spring-security-crypto-5.0.6.RELEASE.jar:/Users/fuxuelong/.m2/repository/org/springframework/cloud/spring-cloud-commons/2.0.0.RELEASE/spring-cloud-commons-2.0.0.RELEASE.jar:/Users/fuxuelong/.m2/repository/org/springframework/security/spring-security-rsa/1.0.5.RELEASE/spring-security-rsa-1.0.5.RELEASE.jar:/Users/fuxuelong/.m2/repository/org/bouncycastle/bcpkix-jdk15on/1.56/bcpkix-jdk15on-1.56.jar:/Users/fuxuelong/.m2/repository/org/bouncycastle/bcprov-jdk15on/1.56/bcprov-jdk15on-1.56.jar:/Users/fuxuelong/.m2/repository/org/springframework/boot/spring-boot-starter-test/2.0.3.RELEASE/spring-boot-starter-test-2.0.3.RELEASE.jar:/Users/fuxuelong/.m2/repository/org/springframework/boot/spring-boot-test/2.0.3.RELEASE/spring-boot-test-2.0.3.RELEASE.jar:/Users/fuxuelong/.m2/repository/org/springframework/boot/spring-boot-test-autoconfigure/2.0.3.RELEASE/spring-boot-test-autoconfigure-2.0.3.RELEASE.jar:/Users/fuxuelong/.m2/repository/com/jayway/jsonpath/json-path/2.4.0/json-path-2.4.0.jar:/Users/fuxuelong/.m2/repository/net/minidev/json-smart/2.3/json-smart-2.3.jar:/Users/fuxuelong/.m2/repository/net/minidev/accessors-smart/1.2/accessors-smart-1.2.jar:/Users/fuxuelong/.m2/repository/org/ow2/asm/asm/5.0.4/asm-5.0.4.jar:/Users/fuxuelong/.m2/repository/junit/junit/4.12/junit-4.12.jar:/Users/fuxuelong/.m2/repository/org/assertj/assertj-core/3.9.1/assertj-core-3.9.1.jar:/Users/fuxuelong/.m2/repository/org/mockito/mockito-core/2.15.0/mockito-core-2.15.0.jar:/Users/fuxuelong/.m2/repository/net/bytebuddy/byte-buddy/1.7.11/byte-buddy-1.7.11.jar:/Users/fuxuelong/.m2/repository/net/bytebuddy/byte-buddy-agent/1.7.11/byte-buddy-agent-1.7.11.jar:/Users/fuxuelong/.m2/repository/org/objenesis/objenesis/2.6/objenesis-2.6.jar:/Users/fuxuelong/.m2/repository/org/hamcrest/hamcrest-core/1.3/hamcrest-core-1.3.jar:/Users/fuxuelong/.m2/repository/org/hamcrest/hamcrest-library/1.3/hamcrest-library-1.3.jar:/Users/fuxuelong/.m2/repository/org/skyscreamer/jsonassert/1.5.0/jsonassert-1.5.0.jar:/Users/fuxuelong/.m2/repository/com/vaadin/external/google/android-json/0.0.20131108.vaadin1/android-json-0.0.20131108.vaadin1.jar:/Users/fuxuelong/.m2/repository/org/springframework/spring-core/5.0.7.RELEASE/spring-core-5.0.7.RELEASE.jar:/Users/fuxuelong/.m2/repository/org/springframework/spring-jcl/5.0.7.RELEASE/spring-jcl-5.0.7.RELEASE.jar:/Users/fuxuelong/.m2/repository/org/springframework/spring-test/5.0.7.RELEASE/spring-test-5.0.7.RELEASE.jar:/Users/fuxuelong/.m2/repository/org/xmlunit/xmlunit-core/2.5.1/xmlunit-core-2.5.1.jar:/Users/fuxuelong/.m2/repository/org/projectlombok/lombok/1.16.20/lombok-1.16.20.jar:/Users/fuxuelong/.m2/repository/org/springframework/boot/spring-boot-starter-actuator/2.0.3.RELEASE/spring-boot-starter-actuator-2.0.3.RELEASE.jar:/Users/fuxuelong/.m2/repository/org/springframework/boot/spring-boot-actuator-autoconfigure/2.0.3.RELEASE/spring-boot-actuator-autoconfigure-2.0.3.RELEASE.jar:/Users/fuxuelong/.m2/repository/org/springframework/boot/spring-boot-actuator/2.0.3.RELEASE/spring-boot-actuator-2.0.3.RELEASE.jar:/Users/fuxuelong/.m2/repository/io/micrometer/micrometer-core/1.0.5/micrometer-core-1.0.5.jar:/Users/fuxuelong/.m2/repository/org/hdrhistogram/HdrHistogram/2.1.10/HdrHistogram-2.1.10.jar:/Users/fuxuelong/.m2/repository/org/latencyutils/LatencyUtils/2.0.3/LatencyUtils-2.0.3.jar:, java.specification.name=Java Platform API Specification, java.class.version=52.0, sun.management.compiler=HotSpot 64-Bit Tiered Compilers, os.version=10.13.6, user.home=/Users/fuxuelong, user.timezone=Asia/Shanghai, java.awt.printerjob=sun.lwawt.macosx.CPrinterJob, file.encoding=UTF-8, java.specification.version=1.8, java.class.path=/Users/fuxuelong/IdeaProjects/camellia3/common-service/target/test-classes:/Users/fuxuelong/IdeaProjects/camellia3/common-service/target/classes:/Users/fuxuelong/.m2/repository/io/springfox/springfox-swagger2/2.7.0/springfox-swagger2-2.7.0.jar:/Users/fuxuelong/.m2/repository/io/swagger/swagger-annotations/1.5.13/swagger-annotations-1.5.13.jar:/Users/fuxuelong/.m2/repository/io/swagger/swagger-models/1.5.13/swagger-models-1.5.13.jar:/Users/fuxuelong/.m2/repository/com/fasterxml/jackson/core/jackson-annotations/2.9.0/jackson-annotations-2.9.0.jar:/Users/fuxuelong/.m2/repository/io/springfox/springfox-spi/2.7.0/springfox-spi-2.7.0.jar:/Users/fuxuelong/.m2/repository/io/springfox/springfox-core/2.7.0/springfox-core-2.7.0.jar:/Users/fuxuelong/.m2/repository/io/springfox/springfox-schema/2.7.0/springfox-schema-2.7.0.jar:/Users/fuxuelong/.m2/repository/io/springfox/springfox-swagger-common/2.7.0/springfox-swagger-common-2.7.0.jar:/Users/fuxuelong/.m2/repository/io/springfox/springfox-spring-web/2.7.0/springfox-spring-web-2.7.0.jar:/Users/fuxuelong/.m2/repository/org/reflections/reflections/0.9.11/reflections-0.9.11.jar:/Users/fuxuelong/.m2/repository/org/javassist/javassist/3.21.0-GA/javassist-3.21.0-GA.jar:/Users/fuxuelong/.m2/repository/com/google/guava/guava/18.0/guava-18.0.jar:/Users/fuxuelong/.m2/repository/com/fasterxml/classmate/1.3.4/classmate-1.3.4.jar:/Users/fuxuelong/.m2/repository/org/slf4j/slf4j-api/1.7.25/slf4j-api-1.7.25.jar:/Users/fuxuelong/.m2/repository/org/springframework/plugin/spring-plugin-core/1.2.0.RELEASE/spring-plugin-core-1.2.0.RELEASE.jar:/Users/fuxuelong/.m2/repository/org/springframework/spring-beans/5.0.7.RELEASE/spring-beans-5.0.7.RELEASE.jar:/Users/fuxuelong/.m2/repository/org/springframework/spring-context/5.0.7.RELEASE/spring-context-5.0.7.RELEASE.jar:/Users/fuxuelong/.m2/repository/org/springframework/spring-aop/5.0.7.RELEASE/spring-aop-5.0.7.RELEASE.jar:/Users/fuxuelong/.m2/repository/org/springframework/plugin/spring-plugin-metadata/1.2.0.RELEASE/spring-plugin-metadata-1.2.0.RELEASE.jar:/Users/fuxuelong/.m2/repository/org/mapstruct/mapstruct/1.1.0.Final/mapstruct-1.1.0.Final.jar:/Users/fuxuelong/.m2/repository/io/springfox/springfox-swagger-ui/2.7.0/springfox-swagger-ui-2.7.0.jar:/Users/fuxuelong/.m2/repository/com/alibaba/fastjson/1.2.31/fastjson-1.2.31.jar:/Users/fuxuelong/.m2/repository/org/springframework/boot/spring-boot-starter-web/2.0.3.RELEASE/spring-boot-starter-web-2.0.3.RELEASE.jar:/Users/fuxuelong/.m2/repository/org/springframework/boot/spring-boot-starter/2.0.3.RELEASE/spring-boot-starter-2.0.3.RELEASE.jar:/Users/fuxuelong/.m2/repository/org/springframework/boot/spring-boot/2.0.3.RELEASE/spring-boot-2.0.3.RELEASE.jar:/Users/fuxuelong/.m2/repository/org/springframework/boot/spring-boot-autoconfigure/2.0.3.RELEASE/spring-boot-autoconfigure-2.0.3.RELEASE.jar:/Users/fuxuelong/.m2/repository/org/springframework/boot/spring-boot-starter-logging/2.0.3.RELEASE/spring-boot-starter-logging-2.0.3.RELEASE.jar:/Users/fuxuelong/.m2/repository/ch/qos/logback/logback-classic/1.2.3/logback-classic-1.2.3.jar:/Users/fuxuelong/.m2/repository/ch/qos/logback/logback-core/1.2.3/logback-core-1.2.3.jar:/Users/fuxuelong/.m2/repository/org/apache/logging/log4j/log4j-to-slf4j/2.10.0/log4j-to-slf4j-2.10.0.jar:/Users/fuxuelong/.m2/repository/org/apache/logging/log4j/log4j-api/2.10.0/log4j-api-2.10.0.jar:/Users/fuxuelong/.m2/repository/org/slf4j/jul-to-slf4j/1.7.25/jul-to-slf4j-1.7.25.jar:/Users/fuxuelong/.m2/repository/javax/annotation/javax.annotation-api/1.3.2/javax.annotation-api-1.3.2.jar:/Users/fuxuelong/.m2/repository/org/yaml/snakeyaml/1.19/snakeyaml-1.19.jar:/Users/fuxuelong/.m2/repository/org/springframework/boot/spring-boot-starter-json/2.0.3.RELEASE/spring-boot-starter-json-2.0.3.RELEASE.jar:/Users/fuxuelong/.m2/repository/com/fasterxml/jackson/datatype/jackson-datatype-jdk8/2.9.6/jackson-datatype-jdk8-2.9.6.jar:/Users/fuxuelong/.m2/repository/com/fasterxml/jackson/datatype/jackson-datatype-jsr310/2.9.6/jackson-datatype-jsr310-2.9.6.jar:/Users/fuxuelong/.m2/repository/com/fasterxml/jackson/module/jackson-module-parameter-names/2.9.6/jackson-module-parameter-names-2.9.6.jar:/Users/fuxuelong/.m2/repository/org/springframework/boot/spring-boot-starter-tomcat/2.0.3.RELEASE/spring-boot-starter-tomcat-2.0.3.RELEASE.jar:/Users/fuxuelong/.m2/repository/org/apache/tomcat/embed/tomcat-embed-core/8.5.31/tomcat-embed-core-8.5.31.jar:/Users/fuxuelong/.m2/repository/org/apache/tomcat/embed/tomcat-embed-el/8.5.31/tomcat-embed-el-8.5.31.jar:/Users/fuxuelong/.m2/repository/org/apache/tomcat/embed/tomcat-embed-websocket/8.5.31/tomcat-embed-websocket-8.5.31.jar:/Users/fuxuelong/.m2/repository/org/hibernate/validator/hibernate-validator/6.0.10.Final/hibernate-validator-6.0.10.Final.jar:/Users/fuxuelong/.m2/repository/javax/validation/validation-api/2.0.1.Final/validation-api-2.0.1.Final.jar:/Users/fuxuelong/.m2/repository/org/jboss/logging/jboss-logging/3.3.2.Final/jboss-logging-3.3.2.Final.jar:/Users/fuxuelong/.m2/repository/org/springframework/spring-web/5.0.7.RELEASE/spring-web-5.0.7.RELEASE.jar:/Users/fuxuelong/.m2/repository/org/springframework/spring-webmvc/5.0.7.RELEASE/spring-webmvc-5.0.7.RELEASE.jar:/Users/fuxuelong/.m2/repository/org/springframework/spring-expression/5.0.7.RELEASE/spring-expression-5.0.7.RELEASE.jar:/Users/fuxuelong/.m2/repository/org/springframework/boot/spring-boot-starter-amqp/2.0.3.RELEASE/spring-boot-starter-amqp-2.0.3.RELEASE.jar:/Users/fuxuelong/.m2/repository/org/springframework/spring-messaging/5.0.7.RELEASE/spring-messaging-5.0.7.RELEASE.jar:/Users/fuxuelong/.m2/repository/org/springframework/amqp/spring-rabbit/2.0.4.RELEASE/spring-rabbit-2.0.4.RELEASE.jar:/Users/fuxuelong/.m2/repository/org/springframework/amqp/spring-amqp/2.0.4.RELEASE/spring-amqp-2.0.4.RELEASE.jar:/Users/fuxuelong/.m2/repository/com/rabbitmq/amqp-client/5.1.2/amqp-client-5.1.2.jar:/Users/fuxuelong/.m2/repository/org/springframework/spring-tx/5.0.7.RELEASE/spring-tx-5.0.7.RELEASE.jar:/Users/fuxuelong/.m2/repository/org/springframework/retry/spring-retry/1.2.2.RELEASE/spring-retry-1.2.2.RELEASE.jar:/Users/fuxuelong/.m2/repository/org/springframework/cloud/spring-cloud-stream-binder-rabbit/2.0.0.RELEASE/spring-cloud-stream-binder-rabbit-2.0.0.RELEASE.jar:/Users/fuxuelong/.m2/repository/org/springframework/cloud/spring-cloud-stream-binder-rabbit-core/2.0.0.RELEASE/spring-cloud-stream-binder-rabbit-core-2.0.0.RELEASE.jar:/Users/fuxuelong/.m2/repository/org/springframework/cloud/spring-cloud-stream/2.0.0.RELEASE/spring-cloud-stream-2.0.0.RELEASE.jar:/Users/fuxuelong/.m2/repository/org/springframework/boot/spring-boot-starter-validation/2.0.3.RELEASE/spring-boot-starter-validation-2.0.3.RELEASE.jar:/Users/fuxuelong/.m2/repository/org/springframework/spring-tuple/1.0.0.RELEASE/spring-tuple-1.0.0.RELEASE.jar:/Users/fuxuelong/.m2/repository/com/esotericsoftware/kryo-shaded/3.0.3/kryo-shaded-3.0.3.jar:/Users/fuxuelong/.m2/repository/com/esotericsoftware/minlog/1.3.0/minlog-1.3.0.jar:/Users/fuxuelong/.m2/repository/org/springframework/integration/spring-integration-tuple/1.0.0.RELEASE/spring-integration-tuple-1.0.0.RELEASE.jar:/Users/fuxuelong/.m2/repository/org/springframework/integration/spring-integration-amqp/5.0.6.RELEASE/spring-integration-amqp-5.0.6.RELEASE.jar:/Users/fuxuelong/.m2/repository/org/springframework/integration/spring-integration-core/5.0.6.RELEASE/spring-integration-core-5.0.6.RELEASE.jar:/Users/fuxuelong/.m2/repository/io/projectreactor/reactor-core/3.1.8.RELEASE/reactor-core-3.1.8.RELEASE.jar:/Users/fuxuelong/.m2/repository/org/reactivestreams/reactive-streams/1.0.2/reactive-streams-1.0.2.jar:/Users/fuxuelong/.m2/repository/org/springframework/integration/spring-integration-jmx/5.0.6.RELEASE/spring-integration-jmx-5.0.6.RELEASE.jar:/Users/fuxuelong/.m2/repository/org/springframework/cloud/spring-cloud-bus/2.0.0.RELEASE/spring-cloud-bus-2.0.0.RELEASE.jar:/Users/fuxuelong/.m2/repository/org/springframework/cloud/spring-cloud-starter-netflix-eureka-client/2.0.0.RELEASE/spring-cloud-starter-netflix-eureka-client-2.0.0.RELEASE.jar:/Users/fuxuelong/.m2/repository/org/springframework/cloud/spring-cloud-netflix-core/2.0.0.RELEASE/spring-cloud-netflix-core-2.0.0.RELEASE.jar:/Users/fuxuelong/.m2/repository/org/springframework/boot/spring-boot-starter-aop/2.0.3.RELEASE/spring-boot-starter-aop-2.0.3.RELEASE.jar:/Users/fuxuelong/.m2/repository/org/aspectj/aspectjweaver/1.8.13/aspectjweaver-1.8.13.jar:/Users/fuxuelong/.m2/repository/org/springframework/cloud/spring-cloud-netflix-eureka-client/2.0.0.RELEASE/spring-cloud-netflix-eureka-client-2.0.0.RELEASE.jar:/Users/fuxuelong/.m2/repository/com/netflix/eureka/eureka-client/1.9.2/eureka-client-1.9.2.jar:/Users/fuxuelong/.m2/repository/org/codehaus/jettison/jettison/1.3.7/jettison-1.3.7.jar:/Users/fuxuelong/.m2/repository/stax/stax-api/1.0.1/stax-api-1.0.1.jar:/Users/fuxuelong/.m2/repository/com/netflix/netflix-commons/netflix-eventbus/0.3.0/netflix-eventbus-0.3.0.jar:/Users/fuxuelong/.m2/repository/com/netflix/netflix-commons/netflix-infix/0.3.0/netflix-infix-0.3.0.jar:/Users/fuxuelong/.m2/repository/commons-jxpath/commons-jxpath/1.3/commons-jxpath-1.3.jar:/Users/fuxuelong/.m2/repository/joda-time/joda-time/2.9.9/joda-time-2.9.9.jar:/Users/fuxuelong/.m2/repository/org/antlr/antlr-runtime/3.4/antlr-runtime-3.4.jar:/Users/fuxuelong/.m2/repository/org/antlr/stringtemplate/3.2.1/stringtemplate-3.2.1.jar:/Users/fuxuelong/.m2/repository/antlr/antlr/2.7.7/antlr-2.7.7.jar:/Users/fuxuelong/.m2/repository/com/google/code/gson/gson/2.8.5/gson-2.8.5.jar:/Users/fuxuelong/.m2/repository/org/apache/commons/commons-math/2.2/commons-math-2.2.jar:/Users/fuxuelong/.m2/repository/com/netflix/archaius/archaius-core/0.7.6/archaius-core-0.7.6.jar:/Users/fuxuelong/.m2/repository/javax/ws/rs/jsr311-api/1.1.1/jsr311-api-1.1.1.jar:/Users/fuxuelong/.m2/repository/com/netflix/servo/servo-core/0.12.21/servo-core-0.12.21.jar:/Users/fuxuelong/.m2/repository/com/sun/jersey/jersey-core/1.19.1/jersey-core-1.19.1.jar:/Users/fuxuelong/.m2/repository/com/sun/jersey/jersey-client/1.19.1/jersey-client-1.19.1.jar:/Users/fuxuelong/.m2/repository/com/sun/jersey/contribs/jersey-apache-client4/1.19.1/jersey-apache-client4-1.19.1.jar:/Users/fuxuelong/.m2/repository/org/apache/httpcomponents/httpclient/4.5.5/httpclient-4.5.5.jar:/Users/fuxuelong/.m2/repository/org/apache/httpcomponents/httpcore/4.4.9/httpcore-4.4.9.jar:/Users/fuxuelong/.m2/repository/commons-codec/commons-codec/1.11/commons-codec-1.11.jar:/Users/fuxuelong/.m2/repository/com/google/inject/guice/4.1.0/guice-4.1.0.jar:/Users/fuxuelong/.m2/repository/javax/inject/javax.inject/1/javax.inject-1.jar:/Users/fuxuelong/.m2/repository/aopalliance/aopalliance/1.0/aopalliance-1.0.jar:/Users/fuxuelong/.m2/repository/com/github/vlsi/compactmap/compactmap/1.2.1/compactmap-1.2.1.jar:/Users/fuxuelong/.m2/repository/com/github/andrewoma/dexx/dexx-collections/0.2/dexx-collections-0.2.jar:/Users/fuxuelong/.m2/repository/com/fasterxml/jackson/core/jackson-core/2.9.6/jackson-core-2.9.6.jar:/Users/fuxuelong/.m2/repository/com/netflix/eureka/eureka-core/1.9.2/eureka-core-1.9.2.jar:/Users/fuxuelong/.m2/repository/org/codehaus/woodstox/woodstox-core-asl/4.4.1/woodstox-core-asl-4.4.1.jar:/Users/fuxuelong/.m2/repository/javax/xml/stream/stax-api/1.0-2/stax-api-1.0-2.jar:/Users/fuxuelong/.m2/repository/org/codehaus/woodstox/stax2-api/3.1.4/stax2-api-3.1.4.jar:/Users/fuxuelong/.m2/repository/org/springframework/cloud/spring-cloud-starter-netflix-archaius/2.0.0.RELEASE/spring-cloud-starter-netflix-archaius-2.0.0.RELEASE.jar:/Users/fuxuelong/.m2/repository/org/springframework/cloud/spring-cloud-netflix-ribbon/2.0.0.RELEASE/spring-cloud-netflix-ribbon-2.0.0.RELEASE.jar:/Users/fuxuelong/.m2/repository/org/springframework/cloud/spring-cloud-netflix-archaius/2.0.0.RELEASE/spring-cloud-netflix-archaius-2.0.0.RELEASE.jar:/Users/fuxuelong/.m2/repository/commons-configuration/commons-configuration/1.8/commons-configuration-1.8.jar:/Users/fuxuelong/.m2/repository/commons-lang/commons-lang/2.6/commons-lang-2.6.jar:/Users/fuxuelong/.m2/repository/org/springframework/cloud/spring-cloud-starter-netflix-ribbon/2.0.0.RELEASE/spring-cloud-starter-netflix-ribbon-2.0.0.RELEASE.jar:/Users/fuxuelong/.m2/repository/com/netflix/ribbon/ribbon/2.2.5/ribbon-2.2.5.jar:/Users/fuxuelong/.m2/repository/com/netflix/ribbon/ribbon-transport/2.2.5/ribbon-transport-2.2.5.jar:/Users/fuxuelong/.m2/repository/io/reactivex/rxnetty-contexts/0.4.9/rxnetty-contexts-0.4.9.jar:/Users/fuxuelong/.m2/repository/io/reactivex/rxnetty-servo/0.4.9/rxnetty-servo-0.4.9.jar:/Users/fuxuelong/.m2/repository/com/netflix/hystrix/hystrix-core/1.5.12/hystrix-core-1.5.12.jar:/Users/fuxuelong/.m2/repository/io/reactivex/rxnetty/0.4.9/rxnetty-0.4.9.jar:/Users/fuxuelong/.m2/repository/io/netty/netty-codec-http/4.1.25.Final/netty-codec-http-4.1.25.Final.jar:/Users/fuxuelong/.m2/repository/io/netty/netty-codec/4.1.25.Final/netty-codec-4.1.25.Final.jar:/Users/fuxuelong/.m2/repository/io/netty/netty-transport-native-epoll/4.1.25.Final/netty-transport-native-epoll-4.1.25.Final.jar:/Users/fuxuelong/.m2/repository/io/netty/netty-common/4.1.25.Final/netty-common-4.1.25.Final.jar:/Users/fuxuelong/.m2/repository/io/netty/netty-buffer/4.1.25.Final/netty-buffer-4.1.25.Final.jar:/Users/fuxuelong/.m2/repository/io/netty/netty-transport-native-unix-common/4.1.25.Final/netty-transport-native-unix-common-4.1.25.Final.jar:/Users/fuxuelong/.m2/repository/io/netty/netty-transport/4.1.25.Final/netty-transport-4.1.25.Final.jar:/Users/fuxuelong/.m2/repository/io/netty/netty-resolver/4.1.25.Final/netty-resolver-4.1.25.Final.jar:/Users/fuxuelong/.m2/repository/com/netflix/ribbon/ribbon-core/2.2.5/ribbon-core-2.2.5.jar:/Users/fuxuelong/.m2/repository/com/netflix/ribbon/ribbon-httpclient/2.2.5/ribbon-httpclient-2.2.5.jar:/Users/fuxuelong/.m2/repository/commons-collections/commons-collections/3.2.2/commons-collections-3.2.2.jar:/Users/fuxuelong/.m2/repository/com/netflix/netflix-commons/netflix-commons-util/0.3.0/netflix-commons-util-0.3.0.jar:/Users/fuxuelong/.m2/repository/com/netflix/ribbon/ribbon-loadbalancer/2.2.5/ribbon-loadbalancer-2.2.5.jar:/Users/fuxuelong/.m2/repository/com/netflix/netflix-commons/netflix-statistics/0.1.1/netflix-statistics-0.1.1.jar:/Users/fuxuelong/.m2/repository/io/reactivex/rxjava/1.3.8/rxjava-1.3.8.jar:/Users/fuxuelong/.m2/repository/com/netflix/ribbon/ribbon-eureka/2.2.5/ribbon-eureka-2.2.5.jar:/Users/fuxuelong/.m2/repository/com/thoughtworks/xstream/xstream/1.4.10/xstream-1.4.10.jar:/Users/fuxuelong/.m2/repository/xmlpull/xmlpull/1.1.3.1/xmlpull-1.1.3.1.jar:/Users/fuxuelong/.m2/repository/xpp3/xpp3_min/1.1.4c/xpp3_min-1.1.4c.jar:/Users/fuxuelong/.m2/repository/mysql/mysql-connector-java/5.1.46/mysql-connector-java-5.1.46.jar:/Users/fuxuelong/.m2/repository/org/springframework/cloud/spring-cloud-starter-oauth2/2.0.0.RELEASE/spring-cloud-starter-oauth2-2.0.0.RELEASE.jar:/Users/fuxuelong/.m2/repository/org/springframework/cloud/spring-cloud-starter-security/2.0.0.RELEASE/spring-cloud-starter-security-2.0.0.RELEASE.jar:/Users/fuxuelong/.m2/repository/org/springframework/cloud/spring-cloud-security/2.0.0.RELEASE/spring-cloud-security-2.0.0.RELEASE.jar:/Users/fuxuelong/.m2/repository/org/springframework/boot/spring-boot-starter-security/2.0.3.RELEASE/spring-boot-starter-security-2.0.3.RELEASE.jar:/Users/fuxuelong/.m2/repository/org/springframework/security/oauth/boot/spring-security-oauth2-autoconfigure/2.0.0.RELEASE/spring-security-oauth2-autoconfigure-2.0.0.RELEASE.jar:/Users/fuxuelong/.m2/repository/org/springframework/security/oauth/spring-security-oauth2/2.2.1.RELEASE/spring-security-oauth2-2.2.1.RELEASE.jar:/Users/fuxuelong/.m2/repository/org/springframework/security/spring-security-core/5.0.6.RELEASE/spring-security-core-5.0.6.RELEASE.jar:/Users/fuxuelong/.m2/repository/org/springframework/security/spring-security-config/5.0.6.RELEASE/spring-security-config-5.0.6.RELEASE.jar:/Users/fuxuelong/.m2/repository/org/springframework/security/spring-security-web/5.0.6.RELEASE/spring-security-web-5.0.6.RELEASE.jar:/Users/fuxuelong/.m2/repository/org/codehaus/jackson/jackson-mapper-asl/1.9.13/jackson-mapper-asl-1.9.13.jar:/Users/fuxuelong/.m2/repository/org/codehaus/jackson/jackson-core-asl/1.9.13/jackson-core-asl-1.9.13.jar:/Users/fuxuelong/.m2/repository/org/springframework/security/spring-security-jwt/1.0.9.RELEASE/spring-security-jwt-1.0.9.RELEASE.jar:/Users/fuxuelong/.m2/repository/org/mybatis/spring/boot/mybatis-spring-boot-starter/1.2.0/mybatis-spring-boot-starter-1.2.0.jar:/Users/fuxuelong/.m2/repository/org/springframework/boot/spring-boot-starter-jdbc/2.0.3.RELEASE/spring-boot-starter-jdbc-2.0.3.RELEASE.jar:/Users/fuxuelong/.m2/repository/com/zaxxer/HikariCP/2.7.9/HikariCP-2.7.9.jar:/Users/fuxuelong/.m2/repository/org/springframework/spring-jdbc/5.0.7.RELEASE/spring-jdbc-5.0.7.RELEASE.jar:/Users/fuxuelong/.m2/repository/org/mybatis/spring/boot/mybatis-spring-boot-autoconfigure/1.2.0/mybatis-spring-boot-autoconfigure-1.2.0.jar:/Users/fuxuelong/.m2/repository/org/mybatis/mybatis/3.4.2/mybatis-3.4.2.jar:/Users/fuxuelong/.m2/repository/org/mybatis/mybatis-spring/1.3.1/mybatis-spring-1.3.1.jar:/Users/fuxuelong/.m2/repository/org/aspectj/aspectjrt/1.8.13/aspectjrt-1.8.13.jar:/Users/fuxuelong/.m2/repository/org/springframework/cloud/spring-cloud-starter-zipkin/2.0.0.RELEASE/spring-cloud-starter-zipkin-2.0.0.RELEASE.jar:/Users/fuxuelong/.m2/repository/org/springframework/cloud/spring-cloud-starter-sleuth/2.0.0.RELEASE/spring-cloud-starter-sleuth-2.0.0.RELEASE.jar:/Users/fuxuelong/.m2/repository/org/springframework/cloud/spring-cloud-sleuth-core/2.0.0.RELEASE/spring-cloud-sleuth-core-2.0.0.RELEASE.jar:/Users/fuxuelong/.m2/repository/io/zipkin/brave/brave/5.1.0/brave-5.1.0.jar:/Users/fuxuelong/.m2/repository/io/zipkin/brave/brave-context-log4j2/5.1.0/brave-context-log4j2-5.1.0.jar:/Users/fuxuelong/.m2/repository/io/zipkin/brave/brave-instrumentation-spring-web/5.1.0/brave-instrumentation-spring-web-5.1.0.jar:/Users/fuxuelong/.m2/repository/io/zipkin/brave/brave-instrumentation-http/5.1.0/brave-instrumentation-http-5.1.0.jar:/Users/fuxuelong/.m2/repository/io/zipkin/brave/brave-instrumentation-spring-rabbit/5.1.0/brave-instrumentation-spring-rabbit-5.1.0.jar:/Users/fuxuelong/.m2/repository/io/zipkin/brave/brave-instrumentation-kafka-clients/5.1.0/brave-instrumentation-kafka-clients-5.1.0.jar:/Users/fuxuelong/.m2/repository/io/zipkin/brave/brave-instrumentation-httpclient/5.1.0/brave-instrumentation-httpclient-5.1.0.jar:/Users/fuxuelong/.m2/repository/io/zipkin/brave/brave-instrumentation-httpasyncclient/5.1.0/brave-instrumentation-httpasyncclient-5.1.0.jar:/Users/fuxuelong/.m2/repository/io/zipkin/brave/brave-instrumentation-spring-webmvc/5.1.0/brave-instrumentation-spring-webmvc-5.1.0.jar:/Users/fuxuelong/.m2/repository/io/zipkin/brave/brave-instrumentation-servlet/5.1.0/brave-instrumentation-servlet-5.1.0.jar:/Users/fuxuelong/.m2/repository/org/springframework/cloud/spring-cloud-sleuth-zipkin/2.0.0.RELEASE/spring-cloud-sleuth-zipkin-2.0.0.RELEASE.jar:/Users/fuxuelong/.m2/repository/io/zipkin/zipkin2/zipkin/2.9.3/zipkin-2.9.3.jar:/Users/fuxuelong/.m2/repository/io/zipkin/reporter2/zipkin-reporter/2.7.3/zipkin-reporter-2.7.3.jar:/Users/fuxuelong/.m2/repository/io/zipkin/reporter2/zipkin-sender-kafka11/2.7.3/zipkin-sender-kafka11-2.7.3.jar:/Users/fuxuelong/.m2/repository/io/zipkin/reporter2/zipkin-sender-amqp-client/2.7.3/zipkin-sender-amqp-client-2.7.3.jar:/Users/fuxuelong/.m2/repository/org/springframework/cloud/spring-cloud-starter-config/2.0.0.RELEASE/spring-cloud-starter-config-2.0.0.RELEASE.jar:/Users/fuxuelong/.m2/repository/org/springframework/cloud/spring-cloud-config-client/2.0.0.RELEASE/spring-cloud-config-client-2.0.0.RELEASE.jar:/Users/fuxuelong/.m2/repository/com/fasterxml/jackson/core/jackson-databind/2.9.6/jackson-databind-2.9.6.jar:/Users/fuxuelong/.m2/repository/org/springframework/cloud/spring-cloud-starter/2.0.0.RELEASE/spring-cloud-starter-2.0.0.RELEASE.jar:/Users/fuxuelong/.m2/repository/org/springframework/cloud/spring-cloud-context/2.0.0.RELEASE/spring-cloud-context-2.0.0.RELEASE.jar:/Users/fuxuelong/.m2/repository/org/springframework/security/spring-security-crypto/5.0.6.RELEASE/spring-security-crypto-5.0.6.RELEASE.jar:/Users/fuxuelong/.m2/repository/org/springframework/cloud/spring-cloud-commons/2.0.0.RELEASE/spring-cloud-commons-2.0.0.RELEASE.jar:/Users/fuxuelong/.m2/repository/org/springframework/security/spring-security-rsa/1.0.5.RELEASE/spring-security-rsa-1.0.5.RELEASE.jar:/Users/fuxuelong/.m2/repository/org/bouncycastle/bcpkix-jdk15on/1.56/bcpkix-jdk15on-1.56.jar:/Users/fuxuelong/.m2/repository/org/bouncycastle/bcprov-jdk15on/1.56/bcprov-jdk15on-1.56.jar:/Users/fuxuelong/.m2/repository/org/springframework/boot/spring-boot-starter-test/2.0.3.RELEASE/spring-boot-starter-test-2.0.3.RELEASE.jar:/Users/fuxuelong/.m2/repository/org/springframework/boot/spring-boot-test/2.0.3.RELEASE/spring-boot-test-2.0.3.RELEASE.jar:/Users/fuxuelong/.m2/repository/org/springframework/boot/spring-boot-test-autoconfigure/2.0.3.RELEASE/spring-boot-test-autoconfigure-2.0.3.RELEASE.jar:/Users/fuxuelong/.m2/repository/com/jayway/jsonpath/json-path/2.4.0/json-path-2.4.0.jar:/Users/fuxuelong/.m2/repository/net/minidev/json-smart/2.3/json-smart-2.3.jar:/Users/fuxuelong/.m2/repository/net/minidev/accessors-smart/1.2/accessors-smart-1.2.jar:/Users/fuxuelong/.m2/repository/org/ow2/asm/asm/5.0.4/asm-5.0.4.jar:/Users/fuxuelong/.m2/repository/junit/junit/4.12/junit-4.12.jar:/Users/fuxuelong/.m2/repository/org/assertj/assertj-core/3.9.1/assertj-core-3.9.1.jar:/Users/fuxuelong/.m2/repository/org/mockito/mockito-core/2.15.0/mockito-core-2.15.0.jar:/Users/fuxuelong/.m2/repository/net/bytebuddy/byte-buddy/1.7.11/byte-buddy-1.7.11.jar:/Users/fuxuelong/.m2/repository/net/bytebuddy/byte-buddy-agent/1.7.11/byte-buddy-agent-1.7.11.jar:/Users/fuxuelong/.m2/repository/org/objenesis/objenesis/2.6/objenesis-2.6.jar:/Users/fuxuelong/.m2/repository/org/hamcrest/hamcrest-core/1.3/hamcrest-core-1.3.jar:/Users/fuxuelong/.m2/repository/org/hamcrest/hamcrest-library/1.3/hamcrest-library-1.3.jar:/Users/fuxuelong/.m2/repository/org/skyscreamer/jsonassert/1.5.0/jsonassert-1.5.0.jar:/Users/fuxuelong/.m2/repository/com/vaadin/external/google/android-json/0.0.20131108.vaadin1/android-json-0.0.20131108.vaadin1.jar:/Users/fuxuelong/.m2/repository/org/springframework/spring-core/5.0.7.RELEASE/spring-core-5.0.7.RELEASE.jar:/Users/fuxuelong/.m2/repository/org/springframework/spring-jcl/5.0.7.RELEASE/spring-jcl-5.0.7.RELEASE.jar:/Users/fuxuelong/.m2/repository/org/springframework/spring-test/5.0.7.RELEASE/spring-test-5.0.7.RELEASE.jar:/Users/fuxuelong/.m2/repository/org/xmlunit/xmlunit-core/2.5.1/xmlunit-core-2.5.1.jar:/Users/fuxuelong/.m2/repository/org/projectlombok/lombok/1.16.20/lombok-1.16.20.jar:/Users/fuxuelong/.m2/repository/org/springframework/boot/spring-boot-starter-actuator/2.0.3.RELEASE/spring-boot-starter-actuator-2.0.3.RELEASE.jar:/Users/fuxuelong/.m2/repository/org/springframework/boot/spring-boot-actuator-autoconfigure/2.0.3.RELEASE/spring-boot-actuator-autoconfigure-2.0.3.RELEASE.jar:/Users/fuxuelong/.m2/repository/org/springframework/boot/spring-boot-actuator/2.0.3.RELEASE/spring-boot-actuator-2.0.3.RELEASE.jar:/Users/fuxuelong/.m2/repository/io/micrometer/micrometer-core/1.0.5/micrometer-core-1.0.5.jar:/Users/fuxuelong/.m2/repository/org/hdrhistogram/HdrHistogram/2.1.10/HdrHistogram-2.1.10.jar:/Users/fuxuelong/.m2/repository/org/latencyutils/LatencyUtils/2.0.3/LatencyUtils-2.0.3.jar:, user.name=fuxuelong, java.vm.specification.version=1.8, sun.java.command=/Users/fuxuelong/IdeaProjects/camellia3/common-service/target/surefire/surefirebooter5849021121162590084.jar /Users/fuxuelong/IdeaProjects/camellia3/common-service/target/surefire 2018-07-31T10-14-06_264-jvmRun1 surefire658472953511621215tmp surefire_01145145319198296796tmp, java.home=/Library/Java/JavaVirtualMachines/jdk1.8.0_171.jdk/Contents/Home/jre, sun.arch.data.model=64, user.language=zh, java.specification.vendor=Oracle Corporation, awt.toolkit=sun.lwawt.macosx.LWCToolkit, java.vm.info=mixed mode, java.version=1.8.0_171, java.ext.dirs=/Users/fuxuelong/Library/Java/Extensions:/Library/Java/JavaVirtualMachines/jdk1.8.0_171.jdk/Contents/Home/jre/lib/ext:/Library/Java/Extensions:/Network/Library/Java/Extensions:/System/Library/Java/Extensions:/usr/lib/java, sun.boot.class.path=/Library/Java/JavaVirtualMachines/jdk1.8.0_171.jdk/Contents/Home/jre/lib/resources.jar:/Library/Java/JavaVirtualMachines/jdk1.8.0_171.jdk/Contents/Home/jre/lib/rt.jar:/Library/Java/JavaVirtualMachines/jdk1.8.0_171.jdk/Contents/Home/jre/lib/sunrsasign.jar:/Library/Java/JavaVirtualMachines/jdk1.8.0_171.jdk/Contents/Home/jre/lib/jsse.jar:/Library/Java/JavaVirtualMachines/jdk1.8.0_171.jdk/Contents/Home/jre/lib/jce.jar:/Library/Java/JavaVirtualMachines/jdk1.8.0_171.jdk/Contents/Home/jre/lib/charsets.jar:/Library/Java/JavaVirtualMachines/jdk1.8.0_171.jdk/Contents/Home/jre/lib/jfr.jar:/Library/Java/JavaVirtualMachines/jdk1.8.0_171.jdk/Contents/Home/jre/classes, java.vendor=Oracle Corporation, localRepository=/Users/fuxuelong/.m2/repository, file.separator=/, java.vendor.url.bug=http://bugreport.sun.com/bugreport/, sun.io.unicode.encoding=UnicodeBig, sun.cpu.endian=little, sun.cpu.isalist=}}, SystemEnvironmentPropertySource@112466394 {name='systemEnvironment', properties={PATH=/Library/Java/JavaVirtualMachines/jdk1.8.0_171.jdk/Contents/Home/bin:/usr/local/bin:/usr/bin:/bin:/usr/sbin:/sbin:.:/usr/local/apache-maven-3.5.4/bin, SHELL=/bin/bash, JAVA_HOME=/Library/Java/JavaVirtualMachines/jdk1.8.0_171.jdk/Contents/Home, OLDPWD=/Users/fuxuelong/IdeaProjects/camellia3/common-service, VERSIONER_PYTHON_PREFER_32_BIT=no, USER=fuxuelong, CLASSPATH=/Library/Java/JavaVirtualMachines/jdk1.8.0_171.jdk/Contents/Home/lib/tools.jar:/Library/Java/JavaVirtualMachines/jdk1.8.0_171.jdk/Contents/Home/lib/dt.jar:., TMPDIR=/var/folders/9y/fh_29pls28l425wn833py78w0000gn/T/, SSH_AUTH_SOCK=/private/tmp/com.apple.launchd.Zxo2P6xHIf/Listeners, JAVA_MAIN_CLASS_28842=org.apache.maven.surefire.booter.ForkedBooter, XPC_FLAGS=0x0, MAVEN_HOME=/usr/local/apache-maven-3.5.4, VERSIONER_PYTHON_VERSION=2.7, __CF_USER_TEXT_ENCODING=0x1F5:0x19:0x34, Apple_PubSub_Socket_Render=/private/tmp/com.apple.launchd.NTF44gPYYk/Render, LOGNAME=fuxuelong, LC_CTYPE=zh_CN.UTF-8, JAVA_MAIN_CLASS_28818=org.codehaus.classworlds.Launcher, XPC_SERVICE_NAME=0, PWD=/Users/fuxuelong/IdeaProjects/camellia3/common-service, HOME=/Users/fuxuelong, SHLVL=1, _=/Library/Java/JavaVirtualMachines/jdk1.8.0_171.jdk/Contents/Home/jre/bin/java}}]
10:14:10.097 [main] DEBUG org.springframework.core.io.support.PathMatchingResourcePatternResolver - Resolved classpath location [com/qk/commonservice/] to resources [URL [file:/Users/fuxuelong/IdeaProjects/camellia3/common-service/target/test-classes/com/qk/commonservice/], URL [file:/Users/fuxuelong/IdeaProjects/camellia3/common-service/target/classes/com/qk/commonservice/]]
10:14:10.097 [main] DEBUG org.springframework.core.io.support.PathMatchingResourcePatternResolver - Looking for matching resources in directory tree [/Users/fuxuelong/IdeaProjects/camellia3/common-service/target/test-classes/com/qk/commonservice]
10:14:10.098 [main] DEBUG org.springframework.core.io.support.PathMatchingResourcePatternResolver - Searching directory [/Users/fuxuelong/IdeaProjects/camellia3/common-service/target/test-classes/com/qk/commonservice] for files matching pattern [/Users/fuxuelong/IdeaProjects/camellia3/common-service/target/test-classes/com/qk/commonservice/*.class]
10:14:10.100 [main] DEBUG org.springframework.core.io.support.PathMatchingResourcePatternResolver - Looking for matching resources in directory tree [/Users/fuxuelong/IdeaProjects/camellia3/common-service/target/classes/com/qk/commonservice]
10:14:10.100 [main] DEBUG org.springframework.core.io.support.PathMatchingResourcePatternResolver - Searching directory [/Users/fuxuelong/IdeaProjects/camellia3/common-service/target/classes/com/qk/commonservice] for files matching pattern [/Users/fuxuelong/IdeaProjects/camellia3/common-service/target/classes/com/qk/commonservice/*.class]
10:14:10.102 [main] DEBUG org.springframework.core.io.support.PathMatchingResourcePatternResolver - Resolved location pattern [classpath*:com/qk/commonservice/*.class] to resources [file [/Users/fuxuelong/IdeaProjects/camellia3/common-service/target/test-classes/com/qk/commonservice/CommonServiceApplicationTests.class]]
10:14:10.137 [main] DEBUG org.springframework.core.io.support.PathMatchingResourcePatternResolver - Resolved classpath location [com/qk/] to resources [URL [file:/Users/fuxuelong/IdeaProjects/camellia3/common-service/target/test-classes/com/qk/], URL [file:/Users/fuxuelong/IdeaProjects/camellia3/common-service/target/classes/com/qk/]]
10:14:10.137 [main] DEBUG org.springframework.core.io.support.PathMatchingResourcePatternResolver - Looking for matching resources in directory tree [/Users/fuxuelong/IdeaProjects/camellia3/common-service/target/test-classes/com/qk]
10:14:10.137 [main] DEBUG org.springframework.core.io.support.PathMatchingResourcePatternResolver - Searching directory [/Users/fuxuelong/IdeaProjects/camellia3/common-service/target/test-classes/com/qk] for files matching pattern [/Users/fuxuelong/IdeaProjects/camellia3/common-service/target/test-classes/com/qk/*.class]
10:14:10.137 [main] DEBUG org.springframework.core.io.support.PathMatchingResourcePatternResolver - Looking for matching resources in directory tree [/Users/fuxuelong/IdeaProjects/camellia3/common-service/target/classes/com/qk]
10:14:10.137 [main] DEBUG org.springframework.core.io.support.PathMatchingResourcePatternResolver - Searching directory [/Users/fuxuelong/IdeaProjects/camellia3/common-service/target/classes/com/qk] for files matching pattern [/Users/fuxuelong/IdeaProjects/camellia3/common-service/target/classes/com/qk/*.class]
10:14:10.137 [main] DEBUG org.springframework.core.io.support.PathMatchingResourcePatternResolver - Resolved location pattern [classpath*:com/qk/*.class] to resources []
10:14:10.140 [main] DEBUG org.springframework.core.io.support.PathMatchingResourcePatternResolver - Resolved classpath location [com/] to resources [URL [jar:file:/System/Library/Java/Extensions/MRJToolkit.jar!/com/], URL [file:/Users/fuxuelong/IdeaProjects/camellia3/common-service/target/test-classes/com/], URL [file:/Users/fuxuelong/IdeaProjects/camellia3/common-service/target/classes/com/], URL [jar:file:/Users/fuxuelong/.m2/repository/com/fasterxml/jackson/core/jackson-annotations/2.9.0/jackson-annotations-2.9.0.jar!/com/], URL [jar:file:/Users/fuxuelong/.m2/repository/com/google/guava/guava/18.0/guava-18.0.jar!/com/], URL [jar:file:/Users/fuxuelong/.m2/repository/com/fasterxml/classmate/1.3.4/classmate-1.3.4.jar!/com/], URL [jar:file:/Users/fuxuelong/.m2/repository/com/alibaba/fastjson/1.2.31/fastjson-1.2.31.jar!/com/], URL [jar:file:/Users/fuxuelong/.m2/repository/com/fasterxml/jackson/datatype/jackson-datatype-jdk8/2.9.6/jackson-datatype-jdk8-2.9.6.jar!/com/], URL [jar:file:/Users/fuxuelong/.m2/repository/com/fasterxml/jackson/datatype/jackson-datatype-jsr310/2.9.6/jackson-datatype-jsr310-2.9.6.jar!/com/], URL [jar:file:/Users/fuxuelong/.m2/repository/com/fasterxml/jackson/module/jackson-module-parameter-names/2.9.6/jackson-module-parameter-names-2.9.6.jar!/com/], URL [jar:file:/Users/fuxuelong/.m2/repository/com/rabbitmq/amqp-client/5.1.2/amqp-client-5.1.2.jar!/com/], URL [jar:file:/Users/fuxuelong/.m2/repository/com/esotericsoftware/kryo-shaded/3.0.3/kryo-shaded-3.0.3.jar!/com/], URL [jar:file:/Users/fuxuelong/.m2/repository/com/esotericsoftware/minlog/1.3.0/minlog-1.3.0.jar!/com/], URL [jar:file:/Users/fuxuelong/.m2/repository/com/netflix/eureka/eureka-client/1.9.2/eureka-client-1.9.2.jar!/com/], URL [jar:file:/Users/fuxuelong/.m2/repository/com/netflix/netflix-commons/netflix-eventbus/0.3.0/netflix-eventbus-0.3.0.jar!/com/], URL [jar:file:/Users/fuxuelong/.m2/repository/com/netflix/netflix-commons/netflix-infix/0.3.0/netflix-infix-0.3.0.jar!/com/], URL [jar:file:/Users/fuxuelong/.m2/repository/com/google/code/gson/gson/2.8.5/gson-2.8.5.jar!/com/], URL [jar:file:/Users/fuxuelong/.m2/repository/com/netflix/archaius/archaius-core/0.7.6/archaius-core-0.7.6.jar!/com/], URL [jar:file:/Users/fuxuelong/.m2/repository/com/netflix/servo/servo-core/0.12.21/servo-core-0.12.21.jar!/com/], URL [jar:file:/Users/fuxuelong/.m2/repository/com/sun/jersey/jersey-core/1.19.1/jersey-core-1.19.1.jar!/com/], URL [jar:file:/Users/fuxuelong/.m2/repository/com/sun/jersey/jersey-client/1.19.1/jersey-client-1.19.1.jar!/com/], URL [jar:file:/Users/fuxuelong/.m2/repository/com/sun/jersey/contribs/jersey-apache-client4/1.19.1/jersey-apache-client4-1.19.1.jar!/com/], URL [jar:file:/Users/fuxuelong/.m2/repository/com/google/inject/guice/4.1.0/guice-4.1.0.jar!/com/], URL [jar:file:/Users/fuxuelong/.m2/repository/com/github/andrewoma/dexx/dexx-collections/0.2/dexx-collections-0.2.jar!/com/], URL [jar:file:/Users/fuxuelong/.m2/repository/com/fasterxml/jackson/core/jackson-core/2.9.6/jackson-core-2.9.6.jar!/com/], URL [jar:file:/Users/fuxuelong/.m2/repository/com/netflix/eureka/eureka-core/1.9.2/eureka-core-1.9.2.jar!/com/], URL [jar:file:/Users/fuxuelong/.m2/repository/org/codehaus/woodstox/woodstox-core-asl/4.4.1/woodstox-core-asl-4.4.1.jar!/com/], URL [jar:file:/Users/fuxuelong/.m2/repository/com/netflix/ribbon/ribbon/2.2.5/ribbon-2.2.5.jar!/com/], URL [jar:file:/Users/fuxuelong/.m2/repository/com/netflix/ribbon/ribbon-transport/2.2.5/ribbon-transport-2.2.5.jar!/com/], URL [jar:file:/Users/fuxuelong/.m2/repository/io/reactivex/rxnetty-contexts/0.4.9/rxnetty-contexts-0.4.9.jar!/com/], URL [jar:file:/Users/fuxuelong/.m2/repository/com/netflix/hystrix/hystrix-core/1.5.12/hystrix-core-1.5.12.jar!/com/], URL [jar:file:/Users/fuxuelong/.m2/repository/com/netflix/ribbon/ribbon-core/2.2.5/ribbon-core-2.2.5.jar!/com/], URL [jar:file:/Users/fuxuelong/.m2/repository/com/netflix/ribbon/ribbon-httpclient/2.2.5/ribbon-httpclient-2.2.5.jar!/com/], URL [jar:file:/Users/fuxuelong/.m2/repository/com/netflix/netflix-commons/netflix-commons-util/0.3.0/netflix-commons-util-0.3.0.jar!/com/], URL [jar:file:/Users/fuxuelong/.m2/repository/com/netflix/ribbon/ribbon-loadbalancer/2.2.5/ribbon-loadbalancer-2.2.5.jar!/com/], URL [jar:file:/Users/fuxuelong/.m2/repository/com/netflix/netflix-commons/netflix-statistics/0.1.1/netflix-statistics-0.1.1.jar!/com/], URL [jar:file:/Users/fuxuelong/.m2/repository/com/netflix/ribbon/ribbon-eureka/2.2.5/ribbon-eureka-2.2.5.jar!/com/], URL [jar:file:/Users/fuxuelong/.m2/repository/com/thoughtworks/xstream/xstream/1.4.10/xstream-1.4.10.jar!/com/], URL [jar:file:/Users/fuxuelong/.m2/repository/mysql/mysql-connector-java/5.1.46/mysql-connector-java-5.1.46.jar!/com/], URL [jar:file:/Users/fuxuelong/.m2/repository/com/zaxxer/HikariCP/2.7.9/HikariCP-2.7.9.jar!/com/], URL [jar:file:/Users/fuxuelong/.m2/repository/com/fasterxml/jackson/core/jackson-databind/2.9.6/jackson-databind-2.9.6.jar!/com/], URL [jar:file:/Users/fuxuelong/.m2/repository/com/jayway/jsonpath/json-path/2.4.0/json-path-2.4.0.jar!/com/], URL [jar:file:/Users/fuxuelong/.m2/repository/org/projectlombok/lombok/1.16.20/lombok-1.16.20.jar!/com/]]
10:14:10.141 [main] DEBUG org.springframework.core.io.support.PathMatchingResourcePatternResolver - Looking for matching resources in jar file [file:/System/Library/Java/Extensions/MRJToolkit.jar]
10:14:10.141 [main] DEBUG org.springframework.core.io.support.PathMatchingResourcePatternResolver - Looking for matching resources in directory tree [/Users/fuxuelong/IdeaProjects/camellia3/common-service/target/test-classes/com]
10:14:10.141 [main] DEBUG org.springframework.core.io.support.PathMatchingResourcePatternResolver - Searching directory [/Users/fuxuelong/IdeaProjects/camellia3/common-service/target/test-classes/com] for files matching pattern [/Users/fuxuelong/IdeaProjects/camellia3/common-service/target/test-classes/com/*.class]
10:14:10.142 [main] DEBUG org.springframework.core.io.support.PathMatchingResourcePatternResolver - Looking for matching resources in directory tree [/Users/fuxuelong/IdeaProjects/camellia3/common-service/target/classes/com]
10:14:10.142 [main] DEBUG org.springframework.core.io.support.PathMatchingResourcePatternResolver - Searching directory [/Users/fuxuelong/IdeaProjects/camellia3/common-service/target/classes/com] for files matching pattern [/Users/fuxuelong/IdeaProjects/camellia3/common-service/target/classes/com/*.class]
10:14:10.142 [main] DEBUG org.springframework.core.io.support.PathMatchingResourcePatternResolver - Looking for matching resources in jar file [file:/Users/fuxuelong/.m2/repository/com/fasterxml/jackson/core/jackson-annotations/2.9.0/jackson-annotations-2.9.0.jar]
10:14:10.144 [main] DEBUG org.springframework.core.io.support.PathMatchingResourcePatternResolver - Looking for matching resources in jar file [file:/Users/fuxuelong/.m2/repository/com/google/guava/guava/18.0/guava-18.0.jar]
10:14:10.157 [main] DEBUG org.springframework.core.io.support.PathMatchingResourcePatternResolver - Looking for matching resources in jar file [file:/Users/fuxuelong/.m2/repository/com/fasterxml/classmate/1.3.4/classmate-1.3.4.jar]
10:14:10.157 [main] DEBUG org.springframework.core.io.support.PathMatchingResourcePatternResolver - Looking for matching resources in jar file [file:/Users/fuxuelong/.m2/repository/com/alibaba/fastjson/1.2.31/fastjson-1.2.31.jar]
10:14:10.158 [main] DEBUG org.springframework.core.io.support.PathMatchingResourcePatternResolver - Looking for matching resources in jar file [file:/Users/fuxuelong/.m2/repository/com/fasterxml/jackson/datatype/jackson-datatype-jdk8/2.9.6/jackson-datatype-jdk8-2.9.6.jar]
10:14:10.158 [main] DEBUG org.springframework.core.io.support.PathMatchingResourcePatternResolver - Looking for matching resources in jar file [file:/Users/fuxuelong/.m2/repository/com/fasterxml/jackson/datatype/jackson-datatype-jsr310/2.9.6/jackson-datatype-jsr310-2.9.6.jar]
10:14:10.158 [main] DEBUG org.springframework.core.io.support.PathMatchingResourcePatternResolver - Looking for matching resources in jar file [file:/Users/fuxuelong/.m2/repository/com/fasterxml/jackson/module/jackson-module-parameter-names/2.9.6/jackson-module-parameter-names-2.9.6.jar]
10:14:10.159 [main] DEBUG org.springframework.core.io.support.PathMatchingResourcePatternResolver - Looking for matching resources in jar file [file:/Users/fuxuelong/.m2/repository/com/rabbitmq/amqp-client/5.1.2/amqp-client-5.1.2.jar]
10:14:10.161 [main] DEBUG org.springframework.core.io.support.PathMatchingResourcePatternResolver - Looking for matching resources in jar file [file:/Users/fuxuelong/.m2/repository/com/esotericsoftware/kryo-shaded/3.0.3/kryo-shaded-3.0.3.jar]
10:14:10.162 [main] DEBUG org.springframework.core.io.support.PathMatchingResourcePatternResolver - Looking for matching resources in jar file [file:/Users/fuxuelong/.m2/repository/com/esotericsoftware/minlog/1.3.0/minlog-1.3.0.jar]
10:14:10.162 [main] DEBUG org.springframework.core.io.support.PathMatchingResourcePatternResolver - Looking for matching resources in jar file [file:/Users/fuxuelong/.m2/repository/com/netflix/eureka/eureka-client/1.9.2/eureka-client-1.9.2.jar]
10:14:10.163 [main] DEBUG org.springframework.core.io.support.PathMatchingResourcePatternResolver - Looking for matching resources in jar file [file:/Users/fuxuelong/.m2/repository/com/netflix/netflix-commons/netflix-eventbus/0.3.0/netflix-eventbus-0.3.0.jar]
10:14:10.164 [main] DEBUG org.springframework.core.io.support.PathMatchingResourcePatternResolver - Looking for matching resources in jar file [file:/Users/fuxuelong/.m2/repository/com/netflix/netflix-commons/netflix-infix/0.3.0/netflix-infix-0.3.0.jar]
10:14:10.164 [main] DEBUG org.springframework.core.io.support.PathMatchingResourcePatternResolver - Looking for matching resources in jar file [file:/Users/fuxuelong/.m2/repository/com/google/code/gson/gson/2.8.5/gson-2.8.5.jar]
10:14:10.165 [main] DEBUG org.springframework.core.io.support.PathMatchingResourcePatternResolver - Looking for matching resources in jar file [file:/Users/fuxuelong/.m2/repository/com/netflix/archaius/archaius-core/0.7.6/archaius-core-0.7.6.jar]
10:14:10.166 [main] DEBUG org.springframework.core.io.support.PathMatchingResourcePatternResolver - Looking for matching resources in jar file [file:/Users/fuxuelong/.m2/repository/com/netflix/servo/servo-core/0.12.21/servo-core-0.12.21.jar]
10:14:10.167 [main] DEBUG org.springframework.core.io.support.PathMatchingResourcePatternResolver - Looking for matching resources in jar file [file:/Users/fuxuelong/.m2/repository/com/sun/jersey/jersey-core/1.19.1/jersey-core-1.19.1.jar]
10:14:10.168 [main] DEBUG org.springframework.core.io.support.PathMatchingResourcePatternResolver - Looking for matching resources in jar file [file:/Users/fuxuelong/.m2/repository/com/sun/jersey/jersey-client/1.19.1/jersey-client-1.19.1.jar]
10:14:10.169 [main] DEBUG org.springframework.core.io.support.PathMatchingResourcePatternResolver - Looking for matching resources in jar file [file:/Users/fuxuelong/.m2/repository/com/sun/jersey/contribs/jersey-apache-client4/1.19.1/jersey-apache-client4-1.19.1.jar]
10:14:10.169 [main] DEBUG org.springframework.core.io.support.PathMatchingResourcePatternResolver - Looking for matching resources in jar file [file:/Users/fuxuelong/.m2/repository/com/google/inject/guice/4.1.0/guice-4.1.0.jar]
10:14:10.171 [main] DEBUG org.springframework.core.io.support.PathMatchingResourcePatternResolver - Looking for matching resources in jar file [file:/Users/fuxuelong/.m2/repository/com/github/andrewoma/dexx/dexx-collections/0.2/dexx-collections-0.2.jar]
10:14:10.171 [main] DEBUG org.springframework.core.io.support.PathMatchingResourcePatternResolver - Looking for matching resources in jar file [file:/Users/fuxuelong/.m2/repository/com/fasterxml/jackson/core/jackson-core/2.9.6/jackson-core-2.9.6.jar]
10:14:10.172 [main] DEBUG org.springframework.core.io.support.PathMatchingResourcePatternResolver - Looking for matching resources in jar file [file:/Users/fuxuelong/.m2/repository/com/netflix/eureka/eureka-core/1.9.2/eureka-core-1.9.2.jar]
10:14:10.173 [main] DEBUG org.springframework.core.io.support.PathMatchingResourcePatternResolver - Looking for matching resources in jar file [file:/Users/fuxuelong/.m2/repository/org/codehaus/woodstox/woodstox-core-asl/4.4.1/woodstox-core-asl-4.4.1.jar]
10:14:10.175 [main] DEBUG org.springframework.core.io.support.PathMatchingResourcePatternResolver - Looking for matching resources in jar file [file:/Users/fuxuelong/.m2/repository/com/netflix/ribbon/ribbon/2.2.5/ribbon-2.2.5.jar]
10:14:10.176 [main] DEBUG org.springframework.core.io.support.PathMatchingResourcePatternResolver - Looking for matching resources in jar file [file:/Users/fuxuelong/.m2/repository/com/netflix/ribbon/ribbon-transport/2.2.5/ribbon-transport-2.2.5.jar]
10:14:10.176 [main] DEBUG org.springframework.core.io.support.PathMatchingResourcePatternResolver - Looking for matching resources in jar file [file:/Users/fuxuelong/.m2/repository/io/reactivex/rxnetty-contexts/0.4.9/rxnetty-contexts-0.4.9.jar]
10:14:10.176 [main] DEBUG org.springframework.core.io.support.PathMatchingResourcePatternResolver - Looking for matching resources in jar file [file:/Users/fuxuelong/.m2/repository/com/netflix/hystrix/hystrix-core/1.5.12/hystrix-core-1.5.12.jar]
10:14:10.178 [main] DEBUG org.springframework.core.io.support.PathMatchingResourcePatternResolver - Looking for matching resources in jar file [file:/Users/fuxuelong/.m2/repository/com/netflix/ribbon/ribbon-core/2.2.5/ribbon-core-2.2.5.jar]
10:14:10.179 [main] DEBUG org.springframework.core.io.support.PathMatchingResourcePatternResolver - Looking for matching resources in jar file [file:/Users/fuxuelong/.m2/repository/com/netflix/ribbon/ribbon-httpclient/2.2.5/ribbon-httpclient-2.2.5.jar]
10:14:10.179 [main] DEBUG org.springframework.core.io.support.PathMatchingResourcePatternResolver - Looking for matching resources in jar file [file:/Users/fuxuelong/.m2/repository/com/netflix/netflix-commons/netflix-commons-util/0.3.0/netflix-commons-util-0.3.0.jar]
10:14:10.179 [main] DEBUG org.springframework.core.io.support.PathMatchingResourcePatternResolver - Looking for matching resources in jar file [file:/Users/fuxuelong/.m2/repository/com/netflix/ribbon/ribbon-loadbalancer/2.2.5/ribbon-loadbalancer-2.2.5.jar]
10:14:10.180 [main] DEBUG org.springframework.core.io.support.PathMatchingResourcePatternResolver - Looking for matching resources in jar file [file:/Users/fuxuelong/.m2/repository/com/netflix/netflix-commons/netflix-statistics/0.1.1/netflix-statistics-0.1.1.jar]
10:14:10.180 [main] DEBUG org.springframework.core.io.support.PathMatchingResourcePatternResolver - Looking for matching resources in jar file [file:/Users/fuxuelong/.m2/repository/com/netflix/ribbon/ribbon-eureka/2.2.5/ribbon-eureka-2.2.5.jar]
10:14:10.183 [main] DEBUG org.springframework.core.io.support.PathMatchingResourcePatternResolver - Looking for matching resources in jar file [file:/Users/fuxuelong/.m2/repository/com/thoughtworks/xstream/xstream/1.4.10/xstream-1.4.10.jar]
10:14:10.190 [main] DEBUG org.springframework.core.io.support.PathMatchingResourcePatternResolver - Looking for matching resources in jar file [file:/Users/fuxuelong/.m2/repository/mysql/mysql-connector-java/5.1.46/mysql-connector-java-5.1.46.jar]
10:14:10.193 [main] DEBUG org.springframework.core.io.support.PathMatchingResourcePatternResolver - Looking for matching resources in jar file [file:/Users/fuxuelong/.m2/repository/com/zaxxer/HikariCP/2.7.9/HikariCP-2.7.9.jar]
10:14:10.193 [main] DEBUG org.springframework.core.io.support.PathMatchingResourcePatternResolver - Looking for matching resources in jar file [file:/Users/fuxuelong/.m2/repository/com/fasterxml/jackson/core/jackson-databind/2.9.6/jackson-databind-2.9.6.jar]
10:14:10.202 [main] DEBUG org.springframework.core.io.support.PathMatchingResourcePatternResolver - Looking for matching resources in jar file [file:/Users/fuxuelong/.m2/repository/com/jayway/jsonpath/json-path/2.4.0/json-path-2.4.0.jar]
10:14:10.205 [main] DEBUG org.springframework.core.io.support.PathMatchingResourcePatternResolver - Looking for matching resources in jar file [file:/Users/fuxuelong/.m2/repository/org/projectlombok/lombok/1.16.20/lombok-1.16.20.jar]
10:14:10.207 [main] DEBUG org.springframework.core.io.support.PathMatchingResourcePatternResolver - Resolved location pattern [classpath*:com/*.class] to resources []
]]></system-out>
  </testcase>
</testsuite>